# JRE version: OpenJDK Runtime Environment (21.0.9) (build 21.0.9+-14787801-b1163.94)
# Java VM: OpenJDK 64-Bit Server VM (21.0.9+-14787801-b1163.94, mixed mode, tiered, compressed oops, compressed class ptrs, g1 gc, windows-amd64)
GC Precious Log:
 CardTable entry size: 512
 Card Set container configuration: InlinePtr #cards 5 size 8 Array Of Cards #cards 12 size 40 Howl #buckets 4 coarsen threshold 1843 Howl Bitmap #cards 512 size 80 coarsen threshold 460 Card regions per heap region 1 cards per card region 2048
 CPUs: 16 total, 16 available
 Memory: 16147M
 Large Page Support: Disabled
 NUMA Support: Disabled
 Compressed Oops: Enabled (32-bit)
 Heap Region Size: 1M
 Heap Min Capacity: 8M
 Heap Initial Capacity: 254M
 Heap Max Capacity: 2G
 Pre-touch: Disabled
 Parallel Workers: 13
 Concurrent Workers: 3
 Concurrent Refinement Workers: 13
 Periodic GC: Disabled
Heap:
 garbage-first heap   total 301056K, used 204546K [0x0000000080000000, 0x0000000100000000)
  region size 1024K, 61 young (62464K), 17 survivors (17408K)
 Metaspace       used 150371K, committed 152896K, reserved 1245184K
  class space    used 20828K, committed 22080K, reserved 1048576K
GC Heap History (20 events):
Event: 15.722 GC heap before
{Heap before GC invocations=49 (full 0):
 garbage-first heap   total 234496K, used 217872K [0x0000000080000000, 0x0000000100000000)
  region size 1024K, 79 young (80896K), 5 survivors (5120K)
 Metaspace       used 140531K, committed 142912K, reserved 1179648K
  class space    used 19430K, committed 20608K, reserved 1048576K
}
Event: 15.727 GC heap after
{Heap after GC invocations=50 (full 0):
 garbage-first heap   total 234496K, used 143688K [0x0000000080000000, 0x0000000100000000)
  region size 1024K, 6 young (6144K), 6 survivors (6144K)
 Metaspace       used 140531K, committed 142912K, reserved 1179648K
  class space    used 19430K, committed 20608K, reserved 1048576K
}
Event: 16.000 GC heap before
{Heap before GC invocations=51 (full 0):
 garbage-first heap   total 240640K, used 219464K [0x0000000080000000, 0x0000000100000000)
  region size 1024K, 81 young (82944K), 6 survivors (6144K)
 Metaspace       used 141000K, committed 143488K, reserved 1179648K
  class space    used 19513K, committed 20736K, reserved 1048576K
}
Event: 16.003 GC heap after
{Heap after GC invocations=52 (full 0):
 garbage-first heap   total 240640K, used 144317K [0x0000000080000000, 0x0000000100000000)
  region size 1024K, 6 young (6144K), 6 survivors (6144K)
 Metaspace       used 141000K, committed 143488K, reserved 1179648K
  class space    used 19513K, committed 20736K, reserved 1048576K
}
Event: 16.171 GC heap before
{Heap before GC invocations=52 (full 0):
 garbage-first heap   total 240640K, used 226237K [0x0000000080000000, 0x0000000100000000)
  region size 1024K, 87 young (89088K), 6 survivors (6144K)
 Metaspace       used 141405K, committed 143872K, reserved 1179648K
  class space    used 19562K, committed 20800K, reserved 1048576K
}
Event: 16.177 GC heap after
{Heap after GC invocations=53 (full 0):
 garbage-first heap   total 288768K, used 143237K [0x0000000080000000, 0x0000000100000000)
  region size 1024K, 8 young (8192K), 8 survivors (8192K)
 Metaspace       used 141405K, committed 143872K, reserved 1179648K
  class space    used 19562K, committed 20800K, reserved 1048576K
}
Event: 16.542 GC heap before
{Heap before GC invocations=53 (full 0):
 garbage-first heap   total 288768K, used 271237K [0x0000000080000000, 0x0000000100000000)
  region size 1024K, 134 young (137216K), 8 survivors (8192K)
 Metaspace       used 141558K, committed 144000K, reserved 1179648K
  class space    used 19579K, committed 20800K, reserved 1048576K
}
Event: 16.549 GC heap after
{Heap after GC invocations=54 (full 0):
 garbage-first heap   total 288768K, used 149619K [0x0000000080000000, 0x0000000100000000)
  region size 1024K, 14 young (14336K), 14 survivors (14336K)
 Metaspace       used 141558K, committed 144000K, reserved 1179648K
  class space    used 19579K, committed 20800K, reserved 1048576K
}
Event: 16.841 GC heap before
{Heap before GC invocations=54 (full 0):
 garbage-first heap   total 288768K, used 271475K [0x0000000080000000, 0x0000000100000000)
  region size 1024K, 133 young (136192K), 14 survivors (14336K)
 Metaspace       used 141632K, committed 144128K, reserved 1179648K
  class space    used 19580K, committed 20800K, reserved 1048576K
}
Event: 16.848 GC heap after
{Heap after GC invocations=55 (full 0):
 garbage-first heap   total 289792K, used 153309K [0x0000000080000000, 0x0000000100000000)
  region size 1024K, 13 young (13312K), 13 survivors (13312K)
 Metaspace       used 141632K, committed 144128K, reserved 1179648K
  class space    used 19580K, committed 20800K, reserved 1048576K
}
Event: 17.095 GC heap before
{Heap before GC invocations=55 (full 0):
 garbage-first heap   total 289792K, used 274141K [0x0000000080000000, 0x0000000100000000)
  region size 1024K, 131 young (134144K), 13 survivors (13312K)
 Metaspace       used 141687K, committed 144192K, reserved 1179648K
  class space    used 19584K, committed 20800K, reserved 1048576K
}
Event: 17.099 GC heap after
{Heap after GC invocations=56 (full 0):
 garbage-first heap   total 289792K, used 154459K [0x0000000080000000, 0x0000000100000000)
  region size 1024K, 6 young (6144K), 6 survivors (6144K)
 Metaspace       used 141687K, committed 144192K, reserved 1179648K
  class space    used 19584K, committed 20800K, reserved 1048576K
}
Event: 17.456 GC heap before
{Heap before GC invocations=57 (full 0):
 garbage-first heap   total 289792K, used 272219K [0x0000000080000000, 0x0000000100000000)
  region size 1024K, 122 young (124928K), 6 survivors (6144K)
 Metaspace       used 143264K, committed 145664K, reserved 1179648K
  class space    used 19777K, committed 20928K, reserved 1048576K
}
Event: 17.459 GC heap after
{Heap after GC invocations=58 (full 0):
 garbage-first heap   total 289792K, used 156084K [0x0000000080000000, 0x0000000100000000)
  region size 1024K, 7 young (7168K), 7 survivors (7168K)
 Metaspace       used 143264K, committed 145664K, reserved 1179648K
  class space    used 19777K, committed 20928K, reserved 1048576K
}
Event: 17.837 GC heap before
{Heap before GC invocations=58 (full 0):
 garbage-first heap   total 289792K, used 274868K [0x0000000080000000, 0x0000000100000000)
  region size 1024K, 122 young (124928K), 7 survivors (7168K)
 Metaspace       used 144224K, committed 146752K, reserved 1179648K
  class space    used 19876K, committed 21120K, reserved 1048576K
}
Event: 17.842 GC heap after
{Heap after GC invocations=59 (full 0):
 garbage-first heap   total 289792K, used 149518K [0x0000000080000000, 0x0000000100000000)
  region size 1024K, 5 young (5120K), 5 survivors (5120K)
 Metaspace       used 144224K, committed 146752K, reserved 1179648K
  class space    used 19876K, committed 21120K, reserved 1048576K
}
Event: 18.429 GC heap before
{Heap before GC invocations=59 (full 0):
 garbage-first heap   total 289792K, used 286734K [0x0000000080000000, 0x0000000100000000)
  region size 1024K, 141 young (144384K), 5 survivors (5120K)
 Metaspace       used 144703K, committed 147200K, reserved 1179648K
  class space    used 19942K, committed 21184K, reserved 1048576K
}
Event: 18.435 GC heap after
{Heap after GC invocations=60 (full 0):
 garbage-first heap   total 301056K, used 154876K [0x0000000080000000, 0x0000000100000000)
  region size 1024K, 11 young (11264K), 11 survivors (11264K)
 Metaspace       used 144703K, committed 147200K, reserved 1179648K
  class space    used 19942K, committed 21184K, reserved 1048576K
}
Event: 20.011 GC heap before
{Heap before GC invocations=61 (full 0):
 garbage-first heap   total 301056K, used 279804K [0x0000000080000000, 0x0000000100000000)
  region size 1024K, 136 young (139264K), 11 survivors (11264K)
 Metaspace       used 149502K, committed 152064K, reserved 1179648K
  class space    used 20695K, committed 21952K, reserved 1048576K
}
Event: 20.020 GC heap after
{Heap after GC invocations=62 (full 0):
 garbage-first heap   total 301056K, used 161538K [0x0000000080000000, 0x0000000100000000)
  region size 1024K, 17 young (17408K), 17 survivors (17408K)
 Metaspace       used 149502K, committed 152064K, reserved 1179648K
  class space    used 20695K, committed 21952K, reserved 1048576K
}

