# JRE version: OpenJDK Runtime Environment (21.0.9) (build 21.0.9+-14787801-b1163.94)
# Java VM: OpenJDK 64-Bit Server VM (21.0.9+-14787801-b1163.94, mixed mode, tiered, compressed oops, compressed class ptrs, g1 gc, windows-amd64)
GC Precious Log:
 CardTable entry size: 512
 Card Set container configuration: InlinePtr #cards 5 size 8 Array Of Cards #cards 12 size 40 Howl #buckets 4 coarsen threshold 1843 Howl Bitmap #cards 512 size 80 coarsen threshold 460 Card regions per heap region 1 cards per card region 2048
 CPUs: 16 total, 16 available
 Memory: 16147M
 Large Page Support: Disabled
 NUMA Support: Disabled
 Compressed Oops: Enabled (32-bit)
 Heap Region Size: 1M
 Heap Min Capacity: 8M
 Heap Initial Capacity: 254M
 Heap Max Capacity: 2G
 Pre-touch: Disabled
 Parallel Workers: 13
 Concurrent Workers: 3
 Concurrent Refinement Workers: 13
 Periodic GC: Disabled
Heap:
 garbage-first heap   total 357376K, used 239750K [0x0000000080000000, 0x0000000100000000)
  region size 1024K, 25 young (25600K), 8 survivors (8192K)
 Metaspace       used 236842K, committed 239680K, reserved 1310720K
  class space    used 30823K, committed 32192K, reserved 1048576K
GC Heap History (20 events):
Event: 43.940 GC heap before
{Heap before GC invocations=65 (full 0):
 garbage-first heap   total 355328K, used 315641K [0x0000000080000000, 0x0000000100000000)
  region size 1024K, 148 young (151552K), 11 survivors (11264K)
 Metaspace       used 200613K, committed 203264K, reserved 1245184K
  class space    used 26348K, committed 27584K, reserved 1048576K
}
Event: 43.950 GC heap after
{Heap after GC invocations=66 (full 0):
 garbage-first heap   total 355328K, used 178619K [0x0000000080000000, 0x0000000100000000)
  region size 1024K, 18 young (18432K), 18 survivors (18432K)
 Metaspace       used 200613K, committed 203264K, reserved 1245184K
  class space    used 26348K, committed 27584K, reserved 1048576K
}
Event: 241.578 GC heap before
{Heap before GC invocations=66 (full 0):
 garbage-first heap   total 355328K, used 317883K [0x0000000080000000, 0x0000000100000000)
  region size 1024K, 155 young (158720K), 18 survivors (18432K)
 Metaspace       used 204872K, committed 207552K, reserved 1245184K
  class space    used 26867K, committed 28160K, reserved 1048576K
}
Event: 241.595 GC heap after
{Heap after GC invocations=67 (full 0):
 garbage-first heap   total 355328K, used 181327K [0x0000000080000000, 0x0000000100000000)
  region size 1024K, 11 young (11264K), 11 survivors (11264K)
 Metaspace       used 204872K, committed 207552K, reserved 1245184K
  class space    used 26867K, committed 28160K, reserved 1048576K
}
Event: 507.515 GC heap before
{Heap before GC invocations=68 (full 0):
 garbage-first heap   total 355328K, used 322639K [0x0000000080000000, 0x0000000100000000)
  region size 1024K, 150 young (153600K), 11 survivors (11264K)
 Metaspace       used 204999K, committed 207616K, reserved 1245184K
  class space    used 26879K, committed 28160K, reserved 1048576K
}
Event: 507.521 GC heap after
{Heap after GC invocations=69 (full 0):
 garbage-first heap   total 355328K, used 182243K [0x0000000080000000, 0x0000000100000000)
  region size 1024K, 12 young (12288K), 12 survivors (12288K)
 Metaspace       used 204999K, committed 207616K, reserved 1245184K
  class space    used 26879K, committed 28160K, reserved 1048576K
}
Event: 508.703 GC heap before
{Heap before GC invocations=69 (full 0):
 garbage-first heap   total 355328K, used 327651K [0x0000000080000000, 0x0000000100000000)
  region size 1024K, 155 young (158720K), 12 survivors (12288K)
 Metaspace       used 209206K, committed 211904K, reserved 1245184K
  class space    used 27413K, committed 28672K, reserved 1048576K
}
Event: 508.715 GC heap after
{Heap after GC invocations=70 (full 0):
 garbage-first heap   total 355328K, used 189124K [0x0000000080000000, 0x0000000100000000)
  region size 1024K, 15 young (15360K), 15 survivors (15360K)
 Metaspace       used 209206K, committed 211904K, reserved 1245184K
  class space    used 27413K, committed 28672K, reserved 1048576K
}
Event: 509.771 GC heap before
{Heap before GC invocations=70 (full 0):
 garbage-first heap   total 355328K, used 328388K [0x0000000080000000, 0x0000000100000000)
  region size 1024K, 151 young (154624K), 15 survivors (15360K)
 Metaspace       used 210885K, committed 213696K, reserved 1245184K
  class space    used 27700K, committed 29056K, reserved 1048576K
}
Event: 509.781 GC heap after
{Heap after GC invocations=71 (full 0):
 garbage-first heap   total 357376K, used 202146K [0x0000000080000000, 0x0000000100000000)
  region size 1024K, 13 young (13312K), 13 survivors (13312K)
 Metaspace       used 210885K, committed 213696K, reserved 1245184K
  class space    used 27700K, committed 29056K, reserved 1048576K
}
Event: 510.237 GC heap before
{Heap before GC invocations=72 (full 0):
 garbage-first heap   total 357376K, used 328098K [0x0000000080000000, 0x0000000100000000)
  region size 1024K, 137 young (140288K), 13 survivors (13312K)
 Metaspace       used 211288K, committed 214080K, reserved 1245184K
  class space    used 27755K, committed 29120K, reserved 1048576K
}
Event: 510.243 GC heap after
{Heap after GC invocations=73 (full 0):
 garbage-first heap   total 357376K, used 203298K [0x0000000080000000, 0x0000000100000000)
  region size 1024K, 2 young (2048K), 2 survivors (2048K)
 Metaspace       used 211288K, committed 214080K, reserved 1245184K
  class space    used 27755K, committed 29120K, reserved 1048576K
}
Event: 510.687 GC heap before
{Heap before GC invocations=73 (full 0):
 garbage-first heap   total 357376K, used 333346K [0x0000000080000000, 0x0000000100000000)
  region size 1024K, 130 young (133120K), 2 survivors (2048K)
 Metaspace       used 212832K, committed 215616K, reserved 1245184K
  class space    used 27959K, committed 29312K, reserved 1048576K
}
Event: 510.695 GC heap after
{Heap after GC invocations=74 (full 0):
 garbage-first heap   total 357376K, used 208896K [0x0000000080000000, 0x0000000100000000)
  region size 1024K, 9 young (9216K), 9 survivors (9216K)
 Metaspace       used 212832K, committed 215616K, reserved 1245184K
  class space    used 27959K, committed 29312K, reserved 1048576K
}
Event: 510.872 GC heap before
{Heap before GC invocations=74 (full 0):
 garbage-first heap   total 357376K, used 220160K [0x0000000080000000, 0x0000000100000000)
  region size 1024K, 22 young (22528K), 9 survivors (9216K)
 Metaspace       used 214364K, committed 217152K, reserved 1245184K
  class space    used 28175K, committed 29504K, reserved 1048576K
}
Event: 510.876 GC heap after
{Heap after GC invocations=75 (full 0):
 garbage-first heap   total 357376K, used 208896K [0x0000000080000000, 0x0000000100000000)
  region size 1024K, 9 young (9216K), 9 survivors (9216K)
 Metaspace       used 214364K, committed 217152K, reserved 1245184K
  class space    used 28175K, committed 29504K, reserved 1048576K
}
Event: 514.221 GC heap before
{Heap before GC invocations=76 (full 0):
 garbage-first heap   total 357376K, used 326656K [0x0000000080000000, 0x0000000100000000)
  region size 1024K, 119 young (121856K), 9 survivors (9216K)
 Metaspace       used 227460K, committed 230272K, reserved 1310720K
  class space    used 29702K, committed 31040K, reserved 1048576K
}
Event: 514.231 GC heap after
{Heap after GC invocations=77 (full 0):
 garbage-first heap   total 357376K, used 225812K [0x0000000080000000, 0x0000000100000000)
  region size 1024K, 15 young (15360K), 15 survivors (15360K)
 Metaspace       used 227460K, committed 230272K, reserved 1310720K
  class space    used 29702K, committed 31040K, reserved 1048576K
}
Event: 516.620 GC heap before
{Heap before GC invocations=77 (full 0):
 garbage-first heap   total 357376K, used 323092K [0x0000000080000000, 0x0000000100000000)
  region size 1024K, 110 young (112640K), 15 survivors (15360K)
 Metaspace       used 236842K, committed 239680K, reserved 1310720K
  class space    used 30823K, committed 32192K, reserved 1048576K
}
Event: 516.632 GC heap after
{Heap after GC invocations=78 (full 0):
 garbage-first heap   total 357376K, used 223366K [0x0000000080000000, 0x0000000100000000)
  region size 1024K, 8 young (8192K), 8 survivors (8192K)
 Metaspace       used 236842K, committed 239680K, reserved 1310720K
  class space    used 30823K, committed 32192K, reserved 1048576K
}

